{"E:\\DevEducation\\Projects\\Hackaton_team10\\client\\src\\js\\helpers\\redirect.js": {"path":"E:\\DevEducation\\Projects\\Hackaton_team10\\client\\src\\js\\helpers\\redirect.js","all":false,"statementMap":{"0":{"start":{"line":1,"column":0},"end":{"line":1,"column":35}},"1":{"start":{"line":2,"column":0},"end":{"line":2,"column":26}},"2":{"start":{"line":3,"column":0},"end":{"line":3,"column":34}},"3":{"start":{"line":4,"column":0},"end":{"line":4,"column":2}}},"s":{"0":1,"1":2,"2":1,"3":1},"branchMap":{"0":{"type":"branch","line":1,"loc":{"start":{"line":1,"column":24},"end":{"line":4,"column":2}},"locations":[{"start":{"line":1,"column":24},"end":{"line":4,"column":2}}]},"1":{"type":"branch","line":2,"loc":{"start":{"line":2,"column":13},"end":{"line":4,"column":2}},"locations":[{"start":{"line":2,"column":13},"end":{"line":4,"column":2}}]}},"b":{"0":[2],"1":[1]},"fnMap":{"0":{"name":"redirect","decl":{"start":{"line":1,"column":24},"end":{"line":4,"column":2}},"loc":{"start":{"line":1,"column":24},"end":{"line":4,"column":2}},"line":1}},"f":{"0":2}}
,"E:\\DevEducation\\Projects\\Hackaton_team10\\client\\src\\js\\helpers\\render.js": {"path":"E:\\DevEducation\\Projects\\Hackaton_team10\\client\\src\\js\\helpers\\render.js","all":false,"statementMap":{"0":{"start":{"line":1,"column":0},"end":{"line":1,"column":45}},"1":{"start":{"line":2,"column":0},"end":{"line":2,"column":37}},"2":{"start":{"line":3,"column":0},"end":{"line":3,"column":29}},"3":{"start":{"line":4,"column":0},"end":{"line":4,"column":1}}},"s":{"0":1,"1":4,"2":1,"3":1},"branchMap":{"0":{"type":"branch","line":1,"loc":{"start":{"line":1,"column":27},"end":{"line":4,"column":1}},"locations":[{"start":{"line":1,"column":27},"end":{"line":4,"column":1}}]},"1":{"type":"branch","line":2,"loc":{"start":{"line":2,"column":7},"end":{"line":2,"column":24}},"locations":[{"start":{"line":2,"column":7},"end":{"line":2,"column":24}}]},"2":{"type":"branch","line":2,"loc":{"start":{"line":2,"column":24},"end":{"line":2,"column":31}},"locations":[{"start":{"line":2,"column":24},"end":{"line":2,"column":31}}]},"3":{"type":"branch","line":2,"loc":{"start":{"line":2,"column":24},"end":{"line":4,"column":1}},"locations":[{"start":{"line":2,"column":24},"end":{"line":4,"column":1}}]}},"b":{"0":[4],"1":[3],"2":[3],"3":[1]},"fnMap":{"0":{"name":"renderError","decl":{"start":{"line":1,"column":27},"end":{"line":4,"column":1}},"loc":{"start":{"line":1,"column":27},"end":{"line":4,"column":1}},"line":1}},"f":{"0":4}}
,"E:\\DevEducation\\Projects\\Hackaton_team10\\client\\src\\js\\helpers\\validation.js": {"path":"E:\\DevEducation\\Projects\\Hackaton_team10\\client\\src\\js\\helpers\\validation.js","all":false,"statementMap":{"0":{"start":{"line":1,"column":0},"end":{"line":1,"column":39}},"1":{"start":{"line":2,"column":0},"end":{"line":2,"column":0}},"2":{"start":{"line":3,"column":0},"end":{"line":3,"column":41}},"3":{"start":{"line":4,"column":0},"end":{"line":4,"column":27}},"4":{"start":{"line":5,"column":0},"end":{"line":5,"column":54}},"5":{"start":{"line":6,"column":0},"end":{"line":6,"column":37}},"6":{"start":{"line":7,"column":0},"end":{"line":7,"column":0}},"7":{"start":{"line":8,"column":0},"end":{"line":8,"column":14}},"8":{"start":{"line":9,"column":0},"end":{"line":9,"column":2}},"9":{"start":{"line":10,"column":0},"end":{"line":10,"column":0}},"10":{"start":{"line":11,"column":0},"end":{"line":11,"column":47}},"11":{"start":{"line":12,"column":0},"end":{"line":12,"column":30}},"12":{"start":{"line":13,"column":0},"end":{"line":13,"column":54}},"13":{"start":{"line":14,"column":0},"end":{"line":14,"column":40}},"14":{"start":{"line":15,"column":0},"end":{"line":15,"column":14}},"15":{"start":{"line":16,"column":0},"end":{"line":16,"column":2}},"16":{"start":{"line":17,"column":0},"end":{"line":17,"column":0}},"17":{"start":{"line":18,"column":0},"end":{"line":18,"column":47}},"18":{"start":{"line":19,"column":0},"end":{"line":19,"column":45}},"19":{"start":{"line":20,"column":0},"end":{"line":20,"column":23}},"20":{"start":{"line":21,"column":0},"end":{"line":21,"column":16}},"21":{"start":{"line":22,"column":0},"end":{"line":22,"column":3}},"22":{"start":{"line":23,"column":0},"end":{"line":23,"column":47}},"23":{"start":{"line":24,"column":0},"end":{"line":24,"column":15}},"24":{"start":{"line":25,"column":0},"end":{"line":25,"column":2}}},"s":{"0":1,"1":1,"2":1,"3":9,"4":8,"5":9,"6":3,"7":3,"8":3,"9":1,"10":1,"11":8,"12":7,"13":8,"14":3,"15":3,"16":1,"17":1,"18":5,"19":5,"20":1,"21":1,"22":1,"23":1,"24":1},"branchMap":{"0":{"type":"branch","line":3,"loc":{"start":{"line":3,"column":29},"end":{"line":9,"column":2}},"locations":[{"start":{"line":3,"column":29},"end":{"line":9,"column":2}}]},"1":{"type":"branch","line":4,"loc":{"start":{"line":4,"column":14},"end":{"line":4,"column":21}},"locations":[{"start":{"line":4,"column":14},"end":{"line":4,"column":21}}]},"2":{"type":"branch","line":4,"loc":{"start":{"line":4,"column":14},"end":{"line":6,"column":6}},"locations":[{"start":{"line":4,"column":14},"end":{"line":6,"column":6}}]},"3":{"type":"branch","line":6,"loc":{"start":{"line":6,"column":24},"end":{"line":6,"column":31}},"locations":[{"start":{"line":6,"column":24},"end":{"line":6,"column":31}}]},"4":{"type":"branch","line":6,"loc":{"start":{"line":6,"column":24},"end":{"line":9,"column":2}},"locations":[{"start":{"line":6,"column":24},"end":{"line":9,"column":2}}]},"5":{"type":"branch","line":11,"loc":{"start":{"line":11,"column":32},"end":{"line":16,"column":2}},"locations":[{"start":{"line":11,"column":32},"end":{"line":16,"column":2}}]},"6":{"type":"branch","line":12,"loc":{"start":{"line":12,"column":17},"end":{"line":12,"column":24}},"locations":[{"start":{"line":12,"column":17},"end":{"line":12,"column":24}}]},"7":{"type":"branch","line":12,"loc":{"start":{"line":12,"column":17},"end":{"line":14,"column":6}},"locations":[{"start":{"line":12,"column":17},"end":{"line":14,"column":6}}]},"8":{"type":"branch","line":14,"loc":{"start":{"line":14,"column":27},"end":{"line":14,"column":34}},"locations":[{"start":{"line":14,"column":27},"end":{"line":14,"column":34}}]},"9":{"type":"branch","line":14,"loc":{"start":{"line":14,"column":27},"end":{"line":16,"column":2}},"locations":[{"start":{"line":14,"column":27},"end":{"line":16,"column":2}}]},"10":{"type":"branch","line":18,"loc":{"start":{"line":18,"column":23},"end":{"line":25,"column":2}},"locations":[{"start":{"line":18,"column":23},"end":{"line":25,"column":2}}]},"11":{"type":"branch","line":19,"loc":{"start":{"line":19,"column":6},"end":{"line":19,"column":25}},"locations":[{"start":{"line":19,"column":6},"end":{"line":19,"column":25}}]},"12":{"type":"branch","line":19,"loc":{"start":{"line":19,"column":6},"end":{"line":19,"column":32}},"locations":[{"start":{"line":19,"column":6},"end":{"line":19,"column":32}}]},"13":{"type":"branch","line":19,"loc":{"start":{"line":19,"column":32},"end":{"line":19,"column":39}},"locations":[{"start":{"line":19,"column":32},"end":{"line":19,"column":39}}]},"14":{"type":"branch","line":19,"loc":{"start":{"line":19,"column":32},"end":{"line":20,"column":6}},"locations":[{"start":{"line":19,"column":32},"end":{"line":20,"column":6}}]},"15":{"type":"branch","line":20,"loc":{"start":{"line":20,"column":22},"end":{"line":25,"column":2}},"locations":[{"start":{"line":20,"column":22},"end":{"line":25,"column":2}}]}},"b":{"0":[9],"1":[1],"2":[8],"3":[5],"4":[3],"5":[8],"6":[1],"7":[7],"8":[4],"9":[3],"10":[5],"11":[4],"12":[3],"13":[3],"14":[2],"15":[1]},"fnMap":{"0":{"name":"validateLogin","decl":{"start":{"line":3,"column":29},"end":{"line":9,"column":2}},"loc":{"start":{"line":3,"column":29},"end":{"line":9,"column":2}},"line":3},"1":{"name":"validatePassword","decl":{"start":{"line":11,"column":32},"end":{"line":16,"column":2}},"loc":{"start":{"line":11,"column":32},"end":{"line":16,"column":2}},"line":11},"2":{"name":"compare","decl":{"start":{"line":18,"column":23},"end":{"line":25,"column":2}},"loc":{"start":{"line":18,"column":23},"end":{"line":25,"column":2}},"line":18}},"f":{"0":9,"1":8,"2":5}}
}
