TN:
SF:src\js\helpers\redirect.js
FN:1,redirect
FNF:1
FNH:1
FNDA:2,redirect
DA:1,1
DA:2,2
DA:3,1
DA:4,1
DA:5,1
LF:5
LH:5
BRDA:1,0,0,2
BRDA:2,1,0,1
BRF:2
BRH:2
end_of_record
TN:
SF:src\js\helpers\render.js
FN:1,renderError
FNF:1
FNH:1
FNDA:4,renderError
DA:1,1
DA:2,4
DA:3,1
DA:4,1
LF:4
LH:4
BRDA:1,0,0,4
BRDA:2,1,0,3
BRDA:2,2,0,3
BRDA:2,3,0,1
BRF:4
BRH:4
end_of_record
TN:
SF:src\js\helpers\validation.js
FN:3,validateLogin
FN:11,validatePassword
FN:18,compare
FNF:3
FNH:3
FNDA:9,validateLogin
FNDA:8,validatePassword
FNDA:5,compare
DA:1,1
DA:2,1
DA:3,1
DA:4,9
DA:5,8
DA:6,9
DA:7,3
DA:8,3
DA:9,3
DA:10,1
DA:11,1
DA:12,8
DA:13,7
DA:14,8
DA:15,3
DA:16,3
DA:17,1
DA:18,1
DA:19,5
DA:20,5
DA:21,1
DA:22,1
DA:23,1
DA:24,1
DA:25,1
LF:25
LH:25
BRDA:3,0,0,9
BRDA:4,1,0,1
BRDA:4,2,0,8
BRDA:6,3,0,5
BRDA:6,4,0,3
BRDA:11,5,0,8
BRDA:12,6,0,1
BRDA:12,7,0,7
BRDA:14,8,0,4
BRDA:14,9,0,3
BRDA:18,10,0,5
BRDA:19,11,0,4
BRDA:19,12,0,3
BRDA:19,13,0,3
BRDA:19,14,0,2
BRDA:20,15,0,1
BRF:16
BRH:16
end_of_record
